     1                                 %line 1+1 asm1.asm
     2                                 
     3                                 
     4                                 
     5                                 
     6                                 
     7                                 
     8                                 [section .data]
     9                                 
    10                                 
    11                                 
    12                                 LF equ 10
    13                                 NULL equ 0
    14                                 TRUE equ 1
    15                                 FALSE equ 0
    16                                 
    17                                 [section .text]
    18                                 
    19                                 [global addnumbers]
    20                                 [global subtractnumbers]
    21                                 
    22                                 
    23                                 
    24                                 
    25                                 addnumbers:
    26 00000000 55                     push rbp
    27 00000001 4889E5                 mov rbp, rsp
    28                                 
    29                                 
    30                                 
    31                                 
    32                                 
    33                                 
    34 00000004 4889F8                 mov rax, rdi
    35 00000007 4801F0                 add rax, rsi
    36                                 
    37                                 addDone:
    38 0000000A 5D                     pop rbp
    39 0000000B C3                     ret
    40                                 
    41                                 
    42                                 
    43                                 
    44                                 
    45                                 subtractnumbers:
    46 0000000C 55                     push rbp
    47 0000000D 4889E5                 mov rbp, rsp
    48                                 
    49                                 
    50                                 
    51                                 
    52                                 
    53                                 
    54 00000010 4889F8                 mov rax, rdi
    55 00000013 4829F0                 sub rax, rsi
    56                                 
    57                                 subtractDone:
    58 00000016 5D                     pop rbp
    59 00000017 C3                     ret
